<?xml version="1.0" encoding="UTF-8"?>
<!-- Generated by org.testng.reporters.JUnitReportReporter -->
<testsuite hostname="DESKTOP-6VNBHPC" failures="0" tests="3" name="project_cucumber.runner.Base_runner" time="110.401" errors="0" timestamp="2022-01-02T18:36:47 IST" skipped="0">
  <testcase classname="project_cucumber.runner.Base_runner" name="Testcase_1" time="48.220"/>
  <testcase classname="project_cucumber.runner.Base_runner" name="Testcase_2" time="31.932"/>
  <testcase classname="project_cucumber.runner.Base_runner" name="Testcase_3" time="30.249"/>
</testsuite> <!-- project_cucumber.runner.Base_runner -->
