<?xml version="1.0" encoding="UTF-8"?>
<!-- Generated by org.testng.reporters.JUnitReportReporter -->
<testsuite skipped="0" hostname="DESKTOP-6VNBHPC" name="project_cucumber.runner.TestRunner" tests="3" failures="0" timestamp="2022-01-12T14:56:52 IST" time="112.900" errors="0">
  <testcase name="feature" time="33.626" classname="project_cucumber.runner.TestRunner"/>
  <testcase name="feature" time="33.400" classname="project_cucumber.runner.TestRunner"/>
  <testcase name="feature" time="45.874" classname="project_cucumber.runner.TestRunner"/>
</testsuite> <!-- project_cucumber.runner.TestRunner -->
